<?xml version="1.0" encoding="UTF-8"?>
<testsuite name="com.upb.examendevops.ExamenDevOpsApplicationTests" tests="1" skipped="0" failures="0" errors="0" timestamp="2026-02-12T16:05:30.287Z" hostname="PedroF16" time="1.328">
  <properties/>
  <testcase name="contextLoads()" classname="com.upb.examendevops.ExamenDevOpsApplicationTests" time="0.436"/>
  <system-out><![CDATA[11:05:30.370 [Test worker] INFO org.springframework.test.context.support.AnnotationConfigContextLoaderUtils -- Could not detect default configuration classes for test class [com.upb.examendevops.ExamenDevOpsApplicationTests]: ExamenDevOpsApplicationTests does not declare any static, non-private, non-final, nested classes annotated with @Configuration.
11:05:30.451 [Test worker] INFO org.springframework.boot.test.context.SpringBootTestContextBootstrapper -- Found @SpringBootConfiguration com.upb.examendevops.ExamenDevOpsApplication for test class com.upb.examendevops.ExamenDevOpsApplicationTests

  .   ____          _            __ _ _
 /\\ / ___'_ __ _ _(_)_ __  __ _ \ \ \ \
( ( )\___ | '_ | '_| | '_ \/ _` | \ \ \ \
 \\/  ___)| |_)| | | | | || (_| |  ) ) ) )
  '  |____| .__|_| |_|_| |_\__, | / / / /
 =========|_|==============|___/=/_/_/_/

 :: Spring Boot ::                (v4.0.2)

2026-02-12T11:05:30.657-05:00  INFO 20075 --- [Examen DevOps] [    Test worker] c.u.e.ExamenDevOpsApplicationTests       : Starting ExamenDevOpsApplicationTests using Java 25 with PID 20075 (started by pedro in /home/pedro/Escritorio/Desarrollo/Universidad/Plataformas de Programacion Empresarial/Examen 1)
2026-02-12T11:05:30.658-05:00  INFO 20075 --- [Examen DevOps] [    Test worker] c.u.e.ExamenDevOpsApplicationTests       : No active profile set, falling back to 1 default profile: "default"
2026-02-12T11:05:31.164-05:00  INFO 20075 --- [Examen DevOps] [    Test worker] c.u.e.ExamenDevOpsApplicationTests       : Started ExamenDevOpsApplicationTests in 0.637 seconds (process running for 1.379)
]]></system-out>
  <system-err><![CDATA[Mockito is currently self-attaching to enable the inline-mock-maker. This will no longer work in future releases of the JDK. Please add Mockito as an agent to your build as described in Mockito's documentation: https://javadoc.io/doc/org.mockito/mockito-core/latest/org.mockito/org/mockito/Mockito.html#0.3
WARNING: A Java agent has been loaded dynamically (/home/pedro/.gradle/caches/modules-2/files-2.1/net.bytebuddy/byte-buddy-agent/1.17.8/f09415827a71be7ed621c7bd02550678f28bc81c/byte-buddy-agent-1.17.8.jar)
WARNING: If a serviceability tool is in use, please run with -XX:+EnableDynamicAgentLoading to hide this warning
WARNING: If a serviceability tool is not in use, please run with -Djdk.instrument.traceUsage for more information
WARNING: Dynamic loading of agents will be disallowed by default in a future release
]]></system-err>
</testsuite>
